2026-01-13 20:10:42,188 [ERROR] 2026-01-13T20:10:42.187957 GET_RATE user='N/A' currency='N/A' amount=N/A rate=N/A base='USD' result=ERROR error_type='AttributeError' error_message=''list' object has no attribute 'get''
2026-01-13 20:29:44,916 [ERROR] 2026-01-13T20:29:44.915192 BUY user='N/A' currency='N/A' amount=N/A rate=N/A base='USD' result=ERROR error_type='TypeError' error_message='FiatCurrency() takes no arguments'
2026-01-13 20:48:43,244 [ERROR] 2026-01-13T20:48:43.244337 BUY user='user_id:1' currency='N/A' amount=N/A rate=N/A base='USD' result=ERROR error_type='TypeError' error_message='object.__init__() takes exactly one argument (the instance to initialize)'
2026-01-13 20:51:18,620 [ERROR] 2026-01-13T20:51:18.620414 BUY user='user_id:1' currency='N/A' amount=N/A rate=N/A base='USD' result=ERROR error_type='TypeError' error_message='object.__init__() takes exactly one argument (the instance to initialize)'
2026-01-13 20:58:28,748 [ERROR] 2026-01-13T20:58:28.748549 BUY user='admin' currency='RUB' amount=100.0 rate=N/A base='USD' result=ERROR error_type='TypeError' error_message='buy() got an unexpected keyword argument 'username''
2026-01-13 21:00:50,580 [ERROR] 2026-01-13T21:00:50.580599 BUY user='admin' currency='RUB' amount=100.0 rate=N/A base='USD' result=ERROR error_type='TypeError' error_message='object.__init__() takes exactly one argument (the instance to initialize)'
2026-01-13 21:03:11,262 [ERROR] 2026-01-13T21:03:11.262498 GET_RATE user='user_id:RUB' currency='N/A' amount=N/A rate=N/A base='USD' result=ERROR error_type='AttributeError' error_message=''list' object has no attribute 'get''
2026-01-13 21:03:11,263 [ERROR] 2026-01-13T21:03:11.260664 BUY user='admin' currency='RUB' amount=100.0 rate=N/A base='USD' result=ERROR error_type='AttributeError' error_message=''list' object has no attribute 'get''
2026-01-13 21:04:45,295 [INFO] 2026-01-13T21:04:45.294519 GET_RATE user='user_id:RUB' currency='N/A' amount=N/A rate=N/A base='USD' result=OK
2026-01-13 21:04:45,296 [INFO] Покупка RUB: 100.0 @ 0.01016 → 1.02 USD (user_id=1)
2026-01-13 21:04:45,296 [INFO] 2026-01-13T21:04:45.292705 BUY user='admin' currency='RUB' amount=100.0 rate=N/A base='USD' result=OK
2026-01-13 21:19:03,982 [INFO] 2026-01-13T21:19:03.979513 GET_RATE user='user_id:RUB' currency='N/A' amount=N/A rate=N/A base='USD' result=OK
2026-01-13 21:19:03,985 [INFO] 2026-01-13T21:19:03.985500 GET_RATE user='user_id:RUB' currency='N/A' amount=N/A rate=N/A base='USD' result=OK
2026-01-13 21:19:03,986 [INFO] Покупка RUB: 100.0 @ 0.01016 → 1.02 USD (user_id=1)
2026-01-13 21:19:03,986 [INFO] 2026-01-13T21:19:03.983895 BUY user='admin' currency='RUB' amount=100.0 rate=0.01016 base='USD' result=OK
2026-01-13 21:26:14,500 [INFO] 2026-01-13T21:26:14.500561 GET_RATE user='user_id:RUB' currency='N/A' amount=N/A rate=N/A base='USD' result=OK
2026-01-13 21:26:14,503 [INFO] Покупка RUB: 200.0 @ 0.01016 → 2.03 USD (user_id=1)
2026-01-13 21:26:14,503 [INFO] 2026-01-13T21:26:14.501370 BUY user='admin' currency='RUB' amount=200.0 rate=0.01016 base='USD' result=OK
2026-01-13 21:29:04,046 [INFO] 2026-01-13T21:29:04.044752 GET_RATE user='admin' currency='RUB' amount=500.0 rate=N/A base='USD' result=OK
2026-01-13 21:29:04,048 [INFO] Покупка RUB: 500.0 @ 98.42 → 49210.00 USD (user_id=1)
2026-01-13 21:29:04,048 [INFO] 2026-01-13T21:29:04.046648 BUY user='admin' currency='RUB' amount=500.0 rate=98.42 base='USD' result=OK
2026-01-13 21:30:39,134 [INFO] 2026-01-13T21:30:39.132897 GET_RATE user='admin' currency='RUB' amount=100.0 rate=N/A base='USD' result=OK
2026-01-13 21:30:39,136 [INFO] Покупка RUB: 100.0 @ 0.01016 → 1.02 USD (user_id=1)
2026-01-13 21:30:39,136 [INFO] 2026-01-13T21:30:39.135070 BUY user='admin' currency='RUB' amount=100.0 rate=0.01016 base='USD' result=OK
2026-01-13 21:43:34,646 [INFO] 2026-01-13T21:43:34.644888 GET_RATE user='rate_service' currency='N/A_to_N/A' amount=N/A rate=N/A base='N/A' result=OK
2026-01-13 21:43:34,648 [INFO] Покупка RUB: 100.0 @ 0.01016 → 1.02 USD (user_id=2)
2026-01-13 21:43:34,649 [INFO] 2026-01-13T21:43:34.647075 BUY user='me' currency='RUB' amount=100.0 rate=0.01016 base='USD' result=OK
2026-01-13 21:46:20,541 [INFO] 2026-01-13T21:46:20.540831 GET_RATE user='rate_service' currency='N/A_to_N/A' amount=N/A rate=N/A base='N/A' result=OK
2026-01-13 21:46:20,543 [INFO] Продажа RUB: 100.0 @ 0.01016 → 1.02 USD (user_id=2)
2026-01-13 21:46:20,544 [INFO] 2026-01-13T21:46:20.542613 SELL user='me' currency='RUB' amount=100.0 rate=0.01016 base='USD' result=OK
2026-01-13 21:55:24,086 [INFO] 2026-01-13T21:55:24.085080 GET_RATE user='rate_service' currency='N/A_to_N/A' amount=N/A rate=N/A base='N/A' result=OK
2026-01-13 21:55:24,087 [ERROR] 2026-01-13T21:55:24.087250 SELL user='admin' currency='RUB' amount=1100.0 rate=0.01016 base='USD' result=ERROR error_type='KeyError' error_message=''USD''
2026-01-13 21:58:01,069 [INFO] 2026-01-13T21:58:01.069119 GET_RATE user='rate_service' currency='N/A_to_N/A' amount=N/A rate=N/A base='N/A' result=OK
2026-01-13 21:58:01,072 [INFO] Продажа RUB: 1100.0 @ 0.01016 → 11.18 USD (user_id=1)
2026-01-13 21:58:01,072 [INFO] 2026-01-13T21:58:01.070927 SELL user='admin' currency='RUB' amount=1100.0 rate=0.01016 base='USD' result=OK
2026-01-13 22:07:50,013 [INFO] 2026-01-13T22:07:50.005065 GET_RATE user='rate_service' currency='USD_to_RUB' amount=N/A rate=N/A base='N/A' result=OK
2026-01-13 22:11:12,030 [INFO] 2026-01-13T22:11:12.029111 GET_RATE user='rate_service' currency='N/A_to_N/A' amount=N/A rate=N/A base='N/A' result=OK
2026-01-13 22:11:32,565 [INFO] 2026-01-13T22:11:32.565025 GET_RATE user='rate_service' currency='N/A_to_N/A' amount=N/A rate=N/A base='N/A' result=OK
